[18:33:23] [ServerMain/INFO]: [bootstrap] Running Java 21 (OpenJDK 64-Bit Server VM 21.0.8+9-Ubuntu-0ubuntu124.04.1; Ubuntu null) on Linux 6.8.0-1030-azure (amd64)
[18:33:23] [ServerMain/INFO]: [bootstrap] Loading Paper 1.21.8-6-main@782ce95 (2025-07-18T20:26:58Z) for Minecraft 1.21.8
[18:33:24] [ServerMain/INFO]: [PluginInitializerManager] Initializing plugins...
[18:33:25] [ServerMain/INFO]: [PluginInitializerManager] Initialized 2 plugins
[18:33:25] [ServerMain/INFO]: [PluginInitializerManager] Bukkit plugins (2):
 - BetterSleep (1.0), SkinsRestorer (15.7.10)
[18:33:35] [ServerMain/INFO]: Environment: Environment[sessionHost=https://sessionserver.mojang.com, servicesHost=https://api.minecraftservices.com, name=PROD]
[18:33:38] [ServerMain/INFO]: Loaded 1407 recipes
[18:33:38] [ServerMain/INFO]: Loaded 1520 advancements
[18:33:38] [ServerMain/INFO]: [ca.spottedleaf.dataconverter.minecraft.datatypes.MCTypeRegistry] Initialising converters for DataConverter...
[18:33:39] [ServerMain/INFO]: [ca.spottedleaf.dataconverter.minecraft.datatypes.MCTypeRegistry] Finished initialising converters for DataConverter in 773.2ms
[18:33:39] [Server thread/INFO]: Starting minecraft server version 1.21.8
[18:33:39] [Server thread/INFO]: Loading properties
[18:33:39] [Server thread/INFO]: This server is running Paper version 1.21.8-6-main@782ce95 (2025-07-18T20:26:58Z) (Implementing API version 1.21.8-R0.1-SNAPSHOT)
[18:33:39] [Server thread/INFO]: [spark] This server bundles the spark profiler. For more information please visit https://docs.papermc.io/paper/profiling
[18:33:40] [Server thread/INFO]: Server Ping Player Sample Count: 12
[18:33:40] [Server thread/INFO]: Using 4 threads for Netty based IO
[18:33:41] [Server thread/INFO]: [MoonriseCommon] Paper is using 1 worker threads, 1 I/O threads
[18:33:41] [Server thread/INFO]: [ChunkTaskScheduler] Chunk system is using population gen parallelism: true
[18:33:42] [Server thread/INFO]: Default game type: SURVIVAL
[18:33:42] [Server thread/INFO]: Generating keypair
[18:33:42] [Server thread/INFO]: Starting Minecraft server on *:25565
[18:33:42] [Server thread/INFO]: Using epoll channel type
[18:33:42] [Server thread/INFO]: Paper: Using libdeflate (Linux x86_64) compression from Velocity.
[18:33:42] [Server thread/INFO]: Paper: Using OpenSSL 3.x.x (Linux x86_64) cipher from Velocity.
[18:33:43] [Server thread/INFO]: [BetterSleep] Loading server plugin BetterSleep v1.0
[18:33:43] [Server thread/INFO]: [SkinsRestorer] Loading server plugin SkinsRestorer v15.7.10
[18:33:43] [Server thread/INFO]: Server permissions file permissions.yml is empty, ignoring it
[18:33:43] [Server thread/INFO]: [SkinsRestorer] Enabling SkinsRestorer v15.7.10
[18:33:44] [Server thread/INFO]: [SkinsRestorer] Running on Minecraft 1.21.8.
[18:33:45] [Server thread/INFO]: [SkinsRestorer] Using paper join listener!
[18:33:45] [Server thread/WARN]: **** SERVER IS RUNNING IN OFFLINE/INSECURE MODE!
[18:33:45] [Server thread/WARN]: The server will make no attempt to authenticate usernames. Beware.
[18:33:45] [Server thread/WARN]: While this makes the game possible to play without internet access, it also opens up the ability for hackers to connect with any username they choose.
[18:33:45] [Server thread/WARN]: To change this, set "online-mode" to "true" in the server.properties file.
[18:33:45] [Server thread/INFO]: Preparing level "world"
[18:33:46] [Folia Async Scheduler Thread #1/INFO]: [SkinsRestorer] ----------------------------------------------
[18:33:46] [Folia Async Scheduler Thread #1/INFO]: [SkinsRestorer]     +==================+
[18:33:46] [Folia Async Scheduler Thread #1/INFO]: [SkinsRestorer]     |   SkinsRestorer  |
[18:33:46] [Folia Async Scheduler Thread #1/INFO]: [SkinsRestorer]     |------------------|
[18:33:46] [Folia Async Scheduler Thread #1/INFO]: [SkinsRestorer]     |  Standalone Mode |
[18:33:46] [Folia Async Scheduler Thread #1/INFO]: [SkinsRestorer]     +==================+
[18:33:46] [Folia Async Scheduler Thread #1/INFO]: [SkinsRestorer] ----------------------------------------------
[18:33:46] [Folia Async Scheduler Thread #1/INFO]: [SkinsRestorer]     Version: 15.7.10
[18:33:46] [Folia Async Scheduler Thread #1/INFO]: [SkinsRestorer]     Commit: 19ef760
[18:33:46] [Folia Async Scheduler Thread #1/INFO]: [SkinsRestorer]     This is the latest version!
[18:33:46] [Folia Async Scheduler Thread #1/INFO]: [SkinsRestorer] ----------------------------------------------
[18:33:46] [Folia Async Scheduler Thread #1/INFO]: [SkinsRestorer] Do you have issues? Read our troubleshooting guide: https://skinsrestorer.net/docs/troubleshooting
[18:33:46] [Folia Async Scheduler Thread #1/INFO]: [SkinsRestorer] Want to support SkinsRestorer? Consider donating: https://skinsrestorer.net/donate
[18:33:47] [Server thread/INFO]: Preparing start region for dimension minecraft:overworld
[18:33:47] [Server thread/INFO]: Preparing spawn area: 0%
[18:33:47] [Server thread/INFO]: Preparing spawn area: 0%
[18:33:48] [Server thread/INFO]: Preparing spawn area: 2%
[18:33:48] [Server thread/INFO]: Preparing spawn area: 10%
[18:33:48] [Server thread/INFO]: Time elapsed: 1724 ms
[18:33:48] [Server thread/INFO]: Preparing start region for dimension minecraft:the_nether
[18:33:48] [Server thread/INFO]: Preparing spawn area: 0%
[18:33:50] [Server thread/INFO]: Preparing spawn area: 24%
[18:33:50] [Server thread/INFO]: Preparing spawn area: 24%
[18:33:50] [Server thread/INFO]: Preparing spawn area: 24%
[18:33:50] [Server thread/INFO]: Time elapsed: 1554 ms
[18:33:50] [Server thread/INFO]: Preparing start region for dimension minecraft:the_end
[18:33:50] [Server thread/INFO]: Preparing spawn area: 0%
[18:33:50] [Server thread/INFO]: Time elapsed: 350 ms
[18:33:50] [Server thread/INFO]: [BetterSleep] Enabling BetterSleep v1.0
[18:33:51] [Server thread/INFO]: [spark] Starting background profiler...
[18:33:51] [Server thread/INFO]: Done preparing level "world" (5.610s)
[18:33:51] [Server thread/INFO]: Running delayed init tasks
[18:33:51] [Server thread/INFO]: Done (29.365s)! For help, type "help"
[18:34:06] [User Authenticator #0/INFO]: UUID of player rotceh9889 is 8dca058e-0d7b-3303-89c7-a42b715ea559
[18:34:06] [Server thread/INFO]: [HorriblePlayerLoginEventHack] You have plugins listening to the PlayerLoginEvent, this will cause re-configuration APIs to be unavailable: [SkinsRestorer]
[18:34:07] [Server thread/INFO]: rotceh9889 joined the game
[18:34:07] [Server thread/INFO]: rotceh9889[/127.242.85.59:40483] logged in with entity id 27 at ([world]-2457.854748243489, 63.0, 171.44929169722698)
[18:34:11] [User Authenticator #0/INFO]: UUID of player Pikachu1572 is fb101342-6e32-34d6-859f-bb2589f07fe1
[18:34:12] [Server thread/INFO]: Pikachu1572 joined the game
[18:34:12] [Server thread/INFO]: Pikachu1572[/127.142.165.218:51145] logged in with entity id 322 at ([world]-2458.818942692114, 63.0, 173.94591166449095)
[18:34:14] [Server thread/WARN]: Can't keep up! Is the server overloaded? Running 2578ms or 51 ticks behind
[18:34:14] [User Authenticator #0/INFO]: UUID of player Villi is 505ac892-6dc5-320d-a3f6-defca714f35e
[18:34:15] [Server thread/INFO]: Villi joined the game
[18:34:15] [Server thread/INFO]: Villi[/127.240.193.194:55701] logged in with entity id 395 at ([world_nether]-310.05656391427107, 111.0, 81.68894352830043)
[18:34:23] [User Authenticator #0/INFO]: UUID of player estrems is 002593b6-47c6-3516-a440-6abefab6faf4
[18:34:23] [Server thread/INFO]: estrems joined the game
[18:34:23] [Server thread/INFO]: estrems[/127.248.184.190:52973] logged in with entity id 692 at ([world]-2445.881599894359, 63.0, 173.45905060397612)
[18:34:37] [Server thread/WARN]: [ca.spottedleaf.moonrise.patches.chunk_system.level.entity.EntityLookup] Entity uuid already exists: 8bf26d90-dd8e-49d2-a7b0-e04d65c99361, mapped to EnderMan['Enderman'/624, uuid='8bf26d90-dd8e-49d2-a7b0-e04d65c99361', l='ServerLevel[world_nether]', x=-120.57, y=89.00, z=129.51, cpos=[-8, 8], tl=0, v=true], can't add EnderMan['Enderman'/734, uuid='8bf26d90-dd8e-49d2-a7b0-e04d65c99361', l='ServerLevel[world_nether]', x=-107.53, y=87.00, z=125.92, cpos=[-7, 7], tl=0, v=false]
[18:34:37] [Server thread/WARN]: [ca.spottedleaf.moonrise.patches.chunk_system.level.entity.EntityLookup] Entity uuid already exists: 0ab18234-36c2-4403-b54d-f4a747730c5b, mapped to EnderMan['Enderman'/649, uuid='0ab18234-36c2-4403-b54d-f4a747730c5b', l='ServerLevel[world_nether]', x=-115.17, y=87.00, z=175.26, cpos=[-8, 10], tl=0, v=true], can't add EnderMan['Enderman'/737, uuid='0ab18234-36c2-4403-b54d-f4a747730c5b', l='ServerLevel[world_nether]', x=-111.30, y=89.00, z=175.30, cpos=[-7, 10], tl=0, v=false]
[18:34:43] [User Authenticator #0/INFO]: UUID of player Ruben17 is 38de0807-4de7-3327-9c3b-72f51d8c540b
[18:34:44] [Server thread/INFO]: Ruben17 joined the game
[18:34:44] [Server thread/INFO]: Ruben17[/127.242.85.59:39447] logged in with entity id 840 at ([world_nether]-525.0379251285194, 101.0, 72.0485992503721)
[18:41:41] [Async Chat Thread - #0/INFO]: [Not Secure] <Villi> -300 77 23
[18:43:12] [Server thread/INFO]: Villi lost connection: Disconnected
[18:43:13] [Server thread/INFO]: Villi left the game
[18:43:14] [User Authenticator #1/INFO]: UUID of player Villi is 505ac892-6dc5-320d-a3f6-defca714f35e
[18:43:14] [Server thread/INFO]: Villi joined the game
[18:43:14] [Server thread/INFO]: Villi[/127.240.193.194:56241] logged in with entity id 7224 at ([world_nether]-161.3213528481522, 32.0, 333.30000001192093)
